*
* Visual Studio Code Server
*
* By using the software, you agree to
* the Visual Studio Code Server License Terms (https://aka.ms/vscode-server-license) and
* the Microsoft Privacy Statement (https://privacy.microsoft.com/en-US/privacystatement).
*

Open this link in your browser https://vscode.dev/tunnel/gpu2/home/nroethler/Code/abhiram/chemmap/cysdb

[2025-07-21 15:26:38] info [tunnels::connections::relay_tunnel_host] Opened new client on channel 2
[2025-07-21 15:26:38] info [russh::server] wrote id
[2025-07-21 15:26:38] info [russh::server] read other id
[2025-07-21 15:26:38] info [russh::server] session is running
[2025-07-21 15:26:47] info [tunnels::connections::relay_tunnel_host] Opened new client on channel 3
[2025-07-21 15:26:47] info [russh::server] wrote id
[2025-07-21 15:26:47] info [russh::server] read other id
[2025-07-21 15:26:47] info [russh::server] session is running
[2025-07-21 15:26:51] info [rpc.0] Checking /home/nroethler/.vscode/cli/servers/Stable-7adae6a56e34cb64d08899664b814cf620465925/log.txt and /home/nroethler/.vscode/cli/servers/Stable-7adae6a56e34cb64d08899664b814cf620465925/pid.txt for a running server...
[2025-07-21 15:26:51] info [rpc.0] Starting server...
[2025-07-21 15:26:51] info [rpc.0] Server started
[2025-07-21 15:28:10] info [rpc.0] Disposed of connection to running server.
[2025-07-21 15:28:12] info [tunnels::connections::relay_tunnel_host] Opened new client on channel 4
[2025-07-21 15:28:12] info [russh::server] wrote id
[2025-07-21 15:28:12] info [russh::server] read other id
[2025-07-21 15:28:12] info [russh::server] session is running
[2025-07-21 15:28:16] info [rpc.2] Checking /home/nroethler/.vscode/cli/servers/Stable-7adae6a56e34cb64d08899664b814cf620465925/log.txt and /home/nroethler/.vscode/cli/servers/Stable-7adae6a56e34cb64d08899664b814cf620465925/pid.txt for a running server...
[2025-07-21 15:28:16] info [rpc.2] Starting server...
[2025-07-21 15:28:16] info [rpc.2] Server started
[2025-07-21 15:59:32] info [rpc.2] Disposed of connection to running server.
[2025-07-21 16:03:48] info [tunnels::connections::relay_tunnel_host] Opened new client on channel 5
[2025-07-21 16:03:48] info [russh::server] wrote id
[2025-07-21 16:03:48] info [russh::server] read other id
[2025-07-21 16:03:48] info [russh::server] session is running
[2025-07-21 16:03:49] info [tunnels::connections::relay_tunnel_host] Opened new client on channel 6
[2025-07-21 16:03:49] info [russh::server] wrote id
[2025-07-21 16:03:52] info [russh::server] read other id
[2025-07-21 16:03:52] info [russh::server] session is running
[2025-07-21 16:04:03] info [rpc.4] Checking /home/nroethler/.vscode/cli/servers/Stable-7adae6a56e34cb64d08899664b814cf620465925/log.txt and /home/nroethler/.vscode/cli/servers/Stable-7adae6a56e34cb64d08899664b814cf620465925/pid.txt for a running server...
[2025-07-21 16:04:03] info [rpc.4] Found running server (pid=1595099)
[2025-07-21 16:04:12] info [rpc.4] Forwarding port 9004 (public=false)
[2025-07-21 16:04:12] info [rpc.4] Forwarding port 9000 (public=false)
[2025-07-21 16:04:13] info [rpc.4] Forwarding port 9001 (public=false)
[2025-07-21 16:04:13] info [rpc.4] Forwarding port 9002 (public=false)
[2025-07-21 16:04:13] info [rpc.4] Forwarding port 9003 (public=false)
[2025-07-21 16:04:13] info [rpc.4] Forwarding port 45209 (public=false)
[2025-07-21 16:04:13] info [rpc.4] Forwarding port 34617 (public=false)
[2025-07-21 16:37:19] info [rpc.4] Disposed of connection to running server.
[2025-07-21 16:51:50] info [tunnels::connections::relay_tunnel_host] Opened new client on channel 7
[2025-07-21 16:51:50] info [russh::server] wrote id
[2025-07-21 16:51:50] info [tunnels::connections::relay_tunnel_host] Opened new client on channel 8
[2025-07-21 16:51:50] info [russh::server] wrote id
[2025-07-21 16:51:50] info [russh::server] read other id
[2025-07-21 16:51:50] info [russh::server] session is running
[2025-07-21 16:51:50] info [russh::server] read other id
[2025-07-21 16:51:50] info [russh::server] session is running
[2025-07-21 16:51:55] info [tunnels::connections::relay_tunnel_host] Opened new client on channel 9
[2025-07-21 16:51:55] info [russh::server] wrote id
[2025-07-21 16:51:55] info [russh::server] read other id
[2025-07-21 16:51:55] info [russh::server] session is running
[2025-07-21 16:52:03] info [rpc.5] Checking /home/nroethler/.vscode/cli/servers/Stable-7adae6a56e34cb64d08899664b814cf620465925/log.txt and /home/nroethler/.vscode/cli/servers/Stable-7adae6a56e34cb64d08899664b814cf620465925/pid.txt for a running server...
[2025-07-21 16:52:03] info [rpc.5] Found running server (pid=1595099)
[2025-07-21 17:15:25] info [rpc.5] Disposed of connection to running server.
[2025-07-21 18:12:26] info [tunnels::connections::ws] error reading websocket: WebSocket protocol error: Connection reset without closing handshake
[2025-07-21 18:12:26] warn Tunnel exited unexpectedly but gracefully, reconnecting
[2025-07-21 20:01:21] info [tunnels::connections::ws] error reading websocket: WebSocket protocol error: Connection reset without closing handshake
[2025-07-21 20:01:21] warn Tunnel exited unexpectedly but gracefully, reconnecting
[2025-07-21 20:38:24] info [tunnels::connections::relay_tunnel_host] Opened new client on channel 2
[2025-07-21 20:38:24] info [russh::server] wrote id
[2025-07-21 20:38:24] info [russh::server] read other id
[2025-07-21 20:38:24] info [russh::server] session is running
[2025-07-21 20:38:29] info [tunnels::connections::relay_tunnel_host] Opened new client on channel 3
[2025-07-21 20:38:29] info [russh::server] wrote id
[2025-07-21 20:38:29] info [russh::server] read other id
[2025-07-21 20:38:29] info [russh::server] session is running
[2025-07-21 20:38:37] info [rpc.6] Checking /home/nroethler/.vscode/cli/servers/Stable-7adae6a56e34cb64d08899664b814cf620465925/log.txt and /home/nroethler/.vscode/cli/servers/Stable-7adae6a56e34cb64d08899664b814cf620465925/pid.txt for a running server...
[2025-07-21 20:38:37] info [rpc.6] Starting server...
[2025-07-21 20:38:37] info [rpc.6] Server started
[2025-07-21 20:40:10] warn [rpc.6] error handling call: NoAttachedServerError(NoAttachedServerError)
[2025-07-21 20:40:10] info [rpc.6] Disposed of connection to running server.
[2025-07-21 20:40:13] info [tunnels::connections::relay_tunnel_host] Opened new client on channel 4
[2025-07-21 20:40:13] info [russh::server] wrote id
[2025-07-21 20:40:13] info [russh::server] read other id
[2025-07-21 20:40:13] info [russh::server] session is running
[2025-07-21 20:40:20] info [rpc.8] Checking /home/nroethler/.vscode/cli/servers/Stable-7adae6a56e34cb64d08899664b814cf620465925/log.txt and /home/nroethler/.vscode/cli/servers/Stable-7adae6a56e34cb64d08899664b814cf620465925/pid.txt for a running server...
[2025-07-21 20:40:20] info [rpc.8] Found running server (pid=1611694)
[2025-07-21 21:50:15] info [rpc.8] Forwarding port 46317 (public=false)
[2025-07-21 23:57:44] info [rpc.8] Disposed of connection to running server.
[2025-07-22 13:57:58] info [tunnels::connections::relay_tunnel_host] Opened new client on channel 5
[2025-07-22 13:57:58] info [russh::server] wrote id
[2025-07-22 13:57:58] info [russh::server] read other id
[2025-07-22 13:57:58] info [russh::server] session is running
[2025-07-22 13:58:04] info [tunnels::connections::relay_tunnel_host] Opened new client on channel 6
[2025-07-22 13:58:04] info [russh::server] wrote id
[2025-07-22 13:58:05] info [russh::server] read other id
[2025-07-22 13:58:05] info [russh::server] session is running
[2025-07-22 13:58:12] info [rpc.9] Checking /home/nroethler/.vscode/cli/servers/Stable-7adae6a56e34cb64d08899664b814cf620465925/log.txt and /home/nroethler/.vscode/cli/servers/Stable-7adae6a56e34cb64d08899664b814cf620465925/pid.txt for a running server...
[2025-07-22 13:58:12] info [rpc.9] Starting server...
[2025-07-22 13:58:12] info [rpc.9] Server started
[2025-07-22 13:58:39] info [rpc.9] Forwarding port 37177 (public=false)
[2025-07-22 13:58:58] warn [rpc.9] error handling call: NoAttachedServerError(NoAttachedServerError)
[2025-07-22 13:58:58] info [rpc.9] Disposed of connection to running server.
[2025-07-22 13:58:59] info [tunnels::connections::relay_tunnel_host] Opened new client on channel 7
[2025-07-22 13:58:59] info [russh::server] wrote id
[2025-07-22 13:58:59] info [russh::server] read other id
[2025-07-22 13:58:59] info [russh::server] session is running
[2025-07-22 13:59:07] info [rpc.11] Checking /home/nroethler/.vscode/cli/servers/Stable-7adae6a56e34cb64d08899664b814cf620465925/log.txt and /home/nroethler/.vscode/cli/servers/Stable-7adae6a56e34cb64d08899664b814cf620465925/pid.txt for a running server...
[2025-07-22 13:59:07] info [rpc.11] Found running server (pid=1682987)
[2025-07-22 13:59:11] info [rpc.11] Forwarding port 37177 (public=false)
[2025-07-22 13:59:49] info [rpc.11] Forwarding port 34725 (public=false)
[2025-07-22 14:00:37] warn [rpc.11] error handling call: NoAttachedServerError(NoAttachedServerError)
[2025-07-22 14:00:37] info [rpc.11] Disposed of connection to running server.
[2025-07-22 14:00:38] info [tunnels::connections::relay_tunnel_host] Opened new client on channel 8
[2025-07-22 14:00:38] info [russh::server] wrote id
[2025-07-22 14:00:38] info [russh::server] read other id
[2025-07-22 14:00:38] info [russh::server] session is running
[2025-07-22 14:00:46] info [rpc.12] Checking /home/nroethler/.vscode/cli/servers/Stable-7adae6a56e34cb64d08899664b814cf620465925/log.txt and /home/nroethler/.vscode/cli/servers/Stable-7adae6a56e34cb64d08899664b814cf620465925/pid.txt for a running server...
[2025-07-22 14:00:46] info [rpc.12] Found running server (pid=1682987)
[2025-07-22 14:00:49] info [rpc.12] Forwarding port 37177 (public=false)
[2025-07-22 14:04:29] info [rpc.12] Forwarding port 9008 (public=false)
[2025-07-22 14:04:30] info [rpc.12] Forwarding port 9009 (public=false)
[2025-07-22 14:04:30] info [rpc.12] Forwarding port 9005 (public=false)
[2025-07-22 14:04:30] info [rpc.12] Forwarding port 9006 (public=false)
[2025-07-22 14:04:30] info [rpc.12] Forwarding port 9007 (public=false)
[2025-07-22 14:04:30] info [rpc.12] Forwarding port 35325 (public=false)
[2025-07-22 14:05:33] info [rpc.12] Forwarding port 9004 (public=false)
[2025-07-22 14:05:33] info [rpc.12] Forwarding port 9000 (public=false)
[2025-07-22 14:05:33] info [rpc.12] Forwarding port 9001 (public=false)
[2025-07-22 14:05:34] info [rpc.12] Forwarding port 9002 (public=false)
[2025-07-22 14:05:34] info [rpc.12] Forwarding port 9003 (public=false)
[2025-07-22 14:05:34] info [rpc.12] Forwarding port 41019 (public=false)
[2025-07-22 14:16:56] info [rpc.12] Unforwarding port 9004
[2025-07-22 14:16:56] info [rpc.12] Unforwarding port 9000
[2025-07-22 14:16:57] info [rpc.12] Unforwarding port 9001
[2025-07-22 14:16:57] info [rpc.12] Unforwarding port 9002
[2025-07-22 14:16:57] info [rpc.12] Unforwarding port 9003
[2025-07-22 14:20:32] info [rpc.12] Disposed of connection to running server.
[2025-07-22 14:20:32] info [tunnels::connections::relay_tunnel_host] Opened new client on channel 9
[2025-07-22 14:20:32] info [russh::server] wrote id
[2025-07-22 14:20:33] info [russh::server] read other id
[2025-07-22 14:20:33] info [russh::server] session is running
[2025-07-22 14:33:36] info [tunnels::connections::relay_tunnel_host] Opened new client on channel 10
[2025-07-22 14:33:36] info [russh::server] wrote id
[2025-07-22 14:33:36] info [russh::server] read other id
[2025-07-22 14:33:36] info [russh::server] session is running
[2025-07-22 14:33:44] info [rpc.13] Unforwarding port 37177
[2025-07-22 14:33:44] info [rpc.13] Checking /home/nroethler/.vscode/cli/servers/Stable-7adae6a56e34cb64d08899664b814cf620465925/log.txt and /home/nroethler/.vscode/cli/servers/Stable-7adae6a56e34cb64d08899664b814cf620465925/pid.txt for a running server...
[2025-07-22 14:33:44] info [rpc.13] Found running server (pid=1682987)
[2025-07-22 14:33:45] info [rpc.13] Forwarding port 35563 (public=false)
[2025-07-22 15:10:29] info [rpc.13] Disposed of connection to running server.
[2025-07-22 20:17:28] info [tunnels::connections::ws] error reading websocket: WebSocket protocol error: Connection reset without closing handshake
[2025-07-22 20:17:28] warn Tunnel exited unexpectedly but gracefully, reconnecting
[2025-07-22 20:21:40] info [tunnels::connections::relay_tunnel_host] Opened new client on channel 2
[2025-07-22 20:21:40] info [russh::server] wrote id
[2025-07-22 20:21:40] info [russh::server] read other id
[2025-07-22 20:21:40] info [russh::server] session is running
[2025-07-22 20:21:40] info [tunnels::connections::relay_tunnel_host] Opened new client on channel 3
[2025-07-22 20:21:40] info [russh::server] wrote id
[2025-07-22 20:21:44] info [russh::server] read other id
[2025-07-22 20:21:44] info [russh::server] session is running
[2025-07-22 20:22:07] info [tunnels::connections::relay_tunnel_host] Opened new client on channel 4
[2025-07-22 20:22:07] info [russh::server] wrote id
[2025-07-22 20:22:07] info [russh::server] read other id
[2025-07-22 20:22:07] info [russh::server] session is running
[2025-07-22 20:22:14] info [rpc.14] Checking /home/nroethler/.vscode/cli/servers/Stable-7adae6a56e34cb64d08899664b814cf620465925/log.txt and /home/nroethler/.vscode/cli/servers/Stable-7adae6a56e34cb64d08899664b814cf620465925/pid.txt for a running server...
[2025-07-22 20:22:14] info [rpc.14] Starting server...
[2025-07-22 20:22:14] info [rpc.14] Server started
[2025-07-22 20:22:34] info [rpc.14] Disposed of connection to running server.
[2025-07-22 20:22:34] info [tunnels::connections::relay_tunnel_host] Opened new client on channel 5
[2025-07-22 20:22:34] info [russh::server] wrote id
[2025-07-22 20:22:34] info [russh::server] read other id
[2025-07-22 20:22:34] info [russh::server] session is running
[2025-07-22 20:22:38] info [tunnels::connections::relay_tunnel_host] Opened new client on channel 6
[2025-07-22 20:22:38] info [russh::server] wrote id
[2025-07-22 20:39:22] info [russh::server] read other id
[2025-07-22 20:39:22] info [russh::server] session is running
[2025-07-22 20:45:36] info [tunnels::connections::relay_tunnel_host] Opened new client on channel 7
[2025-07-22 20:45:36] info [russh::server] wrote id
[2025-07-22 20:45:36] info [russh::server] read other id
[2025-07-22 20:45:36] info [russh::server] session is running
[2025-07-22 20:45:43] info [rpc.16] Checking /home/nroethler/.vscode/cli/servers/Stable-7adae6a56e34cb64d08899664b814cf620465925/log.txt and /home/nroethler/.vscode/cli/servers/Stable-7adae6a56e34cb64d08899664b814cf620465925/pid.txt for a running server...
[2025-07-22 20:45:43] info [rpc.16] Found running server (pid=1696377)
[2025-07-22 21:02:13] info [rpc.16] Disposed of connection to running server.
[2025-07-22 21:18:44] info [tunnels::connections::relay_tunnel_host] Opened new client on channel 8
[2025-07-22 21:18:44] info [russh::server] wrote id
[2025-07-22 21:18:44] info [russh::server] read other id
[2025-07-22 21:18:44] info [russh::server] session is running
[2025-07-22 21:18:51] info [tunnels::connections::relay_tunnel_host] Opened new client on channel 9
[2025-07-22 21:18:51] info [russh::server] wrote id
[2025-07-22 21:18:51] info [russh::server] read other id
[2025-07-22 21:18:51] info [russh::server] session is running
[2025-07-22 21:18:59] info [rpc.17] Checking /home/nroethler/.vscode/cli/servers/Stable-7adae6a56e34cb64d08899664b814cf620465925/log.txt and /home/nroethler/.vscode/cli/servers/Stable-7adae6a56e34cb64d08899664b814cf620465925/pid.txt for a running server...
[2025-07-22 21:18:59] info [rpc.17] Found running server (pid=1696377)
[2025-07-22 21:25:03] info [tunnels::connections::relay_tunnel_host] Opened new client on channel 10
[2025-07-22 21:25:03] info [russh::server] wrote id
[2025-07-22 21:25:03] info [russh::server] read other id
[2025-07-22 21:25:03] info [russh::server] session is running
[2025-07-22 21:25:03] info [tunnels::connections::relay_tunnel_host] Opened new client on channel 11
[2025-07-22 21:25:03] info [russh::server] wrote id
[2025-07-22 21:25:06] info [russh::server] read other id
[2025-07-22 21:25:06] info [russh::server] session is running
[2025-07-22 21:25:18] info [rpc.18] Checking /home/nroethler/.vscode/cli/servers/Stable-7adae6a56e34cb64d08899664b814cf620465925/log.txt and /home/nroethler/.vscode/cli/servers/Stable-7adae6a56e34cb64d08899664b814cf620465925/pid.txt for a running server...
[2025-07-22 21:25:18] info [rpc.19] Checking /home/nroethler/.vscode/cli/servers/Stable-7adae6a56e34cb64d08899664b814cf620465925/log.txt and /home/nroethler/.vscode/cli/servers/Stable-7adae6a56e34cb64d08899664b814cf620465925/pid.txt for a running server...
[2025-07-22 21:25:18] info [rpc.18] Found running server (pid=1696377)
[2025-07-22 21:25:18] info [rpc.19] Found running server (pid=1696377)
[2025-07-22 21:47:26] info [rpc.18] Disposed of connection to running server.
[2025-07-22 21:47:26] info [rpc.19] Disposed of connection to running server.
[2025-07-22 21:47:26] info [rpc.17] Disposed of connection to running server.
[2025-07-22 22:16:02] info [tunnels::connections::relay_tunnel_host] Opened new client on channel 12
[2025-07-22 22:16:02] info [russh::server] wrote id
[2025-07-22 22:16:02] info [russh::server] read other id
[2025-07-22 22:16:02] info [russh::server] session is running
[2025-07-22 22:16:03] info [tunnels::connections::relay_tunnel_host] Opened new client on channel 13
[2025-07-22 22:16:03] info [russh::server] wrote id
[2025-07-22 22:16:03] info [tunnels::connections::relay_tunnel_host] Opened new client on channel 14
[2025-07-22 22:16:03] info [russh::server] wrote id
[2025-07-22 22:16:03] info [tunnels::connections::relay_tunnel_host] Opened new client on channel 15
[2025-07-22 22:16:03] info [russh::server] wrote id
[2025-07-22 22:16:06] error [tunnels::connections::relay_tunnel_host] error handshaking session: EOF
[2025-07-22 22:16:06] error [tunnels::connections::relay_tunnel_host] error handshaking session: EOF
[2025-07-22 22:16:06] error [tunnels::connections::relay_tunnel_host] error handshaking session: EOF
[2025-07-22 22:16:07] info [tunnels::connections::relay_tunnel_host] Opened new client on channel 16
[2025-07-22 22:16:07] info [russh::server] wrote id
[2025-07-22 22:16:07] info [russh::server] read other id
[2025-07-22 22:16:07] info [russh::server] session is running
[2025-07-22 22:16:15] info [rpc.20] Checking /home/nroethler/.vscode/cli/servers/Stable-7adae6a56e34cb64d08899664b814cf620465925/log.txt and /home/nroethler/.vscode/cli/servers/Stable-7adae6a56e34cb64d08899664b814cf620465925/pid.txt for a running server...
[2025-07-22 22:16:15] info [rpc.20] Found running server (pid=1696377)
[2025-07-22 22:41:26] info [rpc.20] Disposed of connection to running server.
[2025-07-23 11:25:39] info [tunnels::connections::relay_tunnel_host] Opened new client on channel 17
[2025-07-23 11:25:39] info [russh::server] wrote id
[2025-07-23 11:25:39] info [russh::server] read other id
[2025-07-23 11:25:39] info [russh::server] session is running
[2025-07-23 11:25:46] info [rpc.21] Checking /home/nroethler/.vscode/cli/servers/Stable-c306e94f98122556ca081f527b466015e1bc37b0/log.txt and /home/nroethler/.vscode/cli/servers/Stable-c306e94f98122556ca081f527b466015e1bc37b0/pid.txt for a running server...
[2025-07-23 11:25:47] info [rpc.21] Downloading Visual Studio Code server -> /tmp/.tmpJ9WAKm/vscode-server-linux-x64.tar.gz
[2025-07-23 11:25:58] info [rpc.21] Starting server...
[2025-07-23 11:25:58] info [rpc.21] Server started
[2025-07-23 11:26:28] info [rpc.21] Forwarding port 33023 (public=false)
[2025-07-23 11:28:26] info [rpc.21] Unforwarding port 33023
[2025-07-23 11:30:46] warn [rpc.21] error handling call: NoAttachedServerError(NoAttachedServerError)
[2025-07-23 11:30:46] info [rpc.21] Disposed of connection to running server.
[2025-07-23 11:30:48] info [tunnels::connections::relay_tunnel_host] Opened new client on channel 18
[2025-07-23 11:30:48] info [russh::server] wrote id
[2025-07-23 11:30:48] info [russh::server] read other id
[2025-07-23 11:30:48] info [russh::server] session is running
[2025-07-23 11:30:55] info [rpc.23] Checking /home/nroethler/.vscode/cli/servers/Stable-c306e94f98122556ca081f527b466015e1bc37b0/log.txt and /home/nroethler/.vscode/cli/servers/Stable-c306e94f98122556ca081f527b466015e1bc37b0/pid.txt for a running server...
[2025-07-23 11:30:55] info [rpc.23] Found running server (pid=1756462)
[2025-07-23 11:31:32] info [rpc.23] Updating CLI to 1.102.2 (commit c306e94f98122556ca081f527b466015e1bc37b0)
[2025-07-23 11:31:58] info [tunnels::connections::relay_tunnel_host] Opened new client on channel 19
[2025-07-23 11:31:58] info [russh::server] wrote id
[2025-07-23 11:31:58] info [russh::server] read other id
[2025-07-23 11:31:58] info [russh::server] session is running
[2025-07-23 11:31:59] info [tunnels::connections::relay_tunnel_host] Opened new client on channel 20
[2025-07-23 11:31:59] info [russh::server] wrote id
[2025-07-23 11:31:59] info [russh::server] read other id
[2025-07-23 11:31:59] info [russh::server] session is running
[2025-07-23 11:32:01] warn [rpc.23] error handling call: NoAttachedServerError(NoAttachedServerError)
[2025-07-23 11:32:01] info [rpc.23] Disposed of connection to running server.
[2025-07-23 11:32:01] warn respawn requested, starting new server
*
* Visual Studio Code Server
*
* By using the software, you agree to
* the Visual Studio Code Server License Terms (https://aka.ms/vscode-server-license) and
* the Microsoft Privacy Statement (https://privacy.microsoft.com/en-US/privacystatement).
*
[2025-07-23 11:32:01] info [rpc.23] Updating CLI to 1.102.2 (commit c306e94f98122556ca081f527b466015e1bc37b0)
[2025-07-23 11:32:01] info [tunnels::connections::relay_tunnel_host] Opened new client on channel 19
[2025-07-23 11:32:01] info [russh::server] wrote id
[2025-07-23 11:32:01] info [russh::server] read other id
[2025-07-23 11:32:01] info [russh::server] session is running
[2025-07-23 11:32:01] info [tunnels::connections::relay_tunnel_host] Opened new client on channel 20
[2025-07-23 11:32:01] info [russh::server] wrote id
[2025-07-23 11:32:01] info [russh::server] read other id
[2025-07-23 11:32:01] info [russh::server] session is running
[2025-07-23 11:32:01] warn [rpc.23] error handling call: NoAttachedServerError(NoAttachedServerError)
[2025-07-23 11:32:01] info [rpc.23] Disposed of connection to running server.
[2025-07-23 11:32:01] warn respawn requested, starting new server
Connected to an existing tunnel process running on this machine.

Open this link in your browser https://vscode.dev/tunnel/gpu2/home/nroethler/Code/abhiram/chemmap/cysdb

*
* Visual Studio Code Server
*
* By using the software, you agree to
* the Visual Studio Code Server License Terms (https://aka.ms/vscode-server-license) and
* the Microsoft Privacy Statement (https://privacy.microsoft.com/en-US/privacystatement).
*
[2025-08-08 13:25:56] info [rpc.25] Forwarding port 34875 (public=false)
[2025-08-08 13:25:56] info [rpc.25] Forwarding port 3049 (public=false)
[2025-08-08 13:25:56] info [rpc.25] Disposed of connection to running server.
[2025-08-08 13:25:56] warn respawn requested, starting new server
[2025-08-08 13:25:56] info restarting tunnel after client request
[2025-08-08 13:25:56] info closing tunnel and all clients after a shutdown request
Connected to an existing tunnel process running on this machine.

Open this link in your browser https://vscode.dev/tunnel/gpu2/home/nroethler/Code/abhiram/chemmap/AffinityPred

Traceback (most recent call last):
  File "/home/nroethler/Code/abhiram/chemmap/AffinityPred/train.py", line 56, in <module>
    df_test = AffinityDataset(pd.read_pickle("processed_data/test_processed.pkl"))
  File "/home/nroethler/miniconda3/envs/gen_ca/lib/python3.10/site-packages/pandas/io/pickle.py", line 202, in read_pickle
    return pickle.load(handles.handle)
  File "/home/nroethler/miniconda3/envs/gen_ca/lib/python3.10/site-packages/dgl/heterograph_index.py", line 47, in __setstate__
    self.__init_handle_by_constructor__(_CAPI_DGLHeteroUnpickle, state)
KeyboardInterrupt
